<?xml version="1.0" encoding="UTF-8"?>
<testsuite xmlns:xsi="http://www.w3.org/2001/XMLSchema-instance" xsi:noNamespaceSchemaLocation="https://maven.apache.org/surefire/maven-surefire-plugin/xsd/surefire-test-report-3.0.xsd" version="3.0" name="com.equipo3.tareas.GestorTareasTest" time="0.142" tests="9" errors="0" skipped="0" failures="0">
  <properties>
[...]
</properties>
  <testcase name="crearTarea_conIdNoNumerico_debeLanzarExcepcion" classname="com.equipo3.tareas.GestorTareasTest" time="0.066"/>
  <testcase name="crearTarea_conDatosValidos_debeCrearTarea" classname="com.equipo3.tareas.GestorTareasTest" time="0.003">
    <system-out><![CDATA[Tarea creada exitosamente: Implementar API
]]></system-out>
  </testcase>
  <testcase name="buscarTareaPorId_existente_debeDevolverTarea" classname="com.equipo3.tareas.GestorTareasTest" time="0.002">
    <system-out><![CDATA[Tarea creada exitosamente: Tarea de Prueba
]]></system-out>
  </testcase>
  <testcase name="crearTarea_conFechaVencimientoAnterior_debeLanzarExcepcion" classname="com.equipo3.tareas.GestorTareasTest" time="0.003"/>
  <testcase name="buscarTareaPorId_noExistente_debeDevolverOptionalVacio" classname="com.equipo3.tareas.GestorTareasTest" time="0.001"/>
  <testcase name="crearTarea_conIdDuplicado_debeLanzarExcepcion" classname="com.equipo3.tareas.GestorTareasTest" time="0.002">
    <system-out><![CDATA[Tarea creada exitosamente: Tarea Inicial
]]></system-out>
  </testcase>
  <testcase name="buscarTareaPorId_conIdVacio_debeLanzarExcepcion" classname="com.equipo3.tareas.GestorTareasTest" time="0.001"/>
  <testcase name="buscarTareaPorId_conIdNulo_debeLanzarExcepcion" classname="com.equipo3.tareas.GestorTareasTest" time="0.002"/>
  <testcase name="crearTarea_conCamposObligatoriosNulosOVacios_debeLanzarExcepcion" classname="com.equipo3.tareas.GestorTareasTest" time="0.01"/>
</testsuite>