<?xml version="1.0" encoding="UTF-8"?>
<testsuite xmlns:xsi="http://www.w3.org/2001/XMLSchema-instance" xsi:noNamespaceSchemaLocation="https://maven.apache.org/surefire/maven-surefire-plugin/xsd/surefire-test-report-3.0.xsd" version="3.0" name="com.equipo3.tareas.GestorTareasTest" time="0.245" tests="22" errors="0" skipped="0" failures="0">
  <properties>
[...]
</properties>
  <testcase name="listarTareasProximasAVencer_limiteNegativo_debeLanzarExcepcion" classname="com.equipo3.tareas.GestorTareasTest" time="0.055">
    <system-out><![CDATA[Tarea creada exitosamente: Tarea Hoy Alta (ID: 100)
Tarea creada exitosamente: Tarea Mañana Media (ID: 101)
Tarea creada exitosamente: Tarea Pasado Mañana Baja (ID: 102)
Tarea creada exitosamente: Tarea Semana Que Viene Alta (ID: 103)
Tarea creada exitosamente: Tarea Hoy Media (ID: 104)
]]></system-out>
  </testcase>
  <testcase name="crearTarea_conIdNoNumerico_debeLanzarExcepcion" classname="com.equipo3.tareas.GestorTareasTest" time="0.003">
    <system-out><![CDATA[Tarea creada exitosamente: Tarea Hoy Alta (ID: 100)
Tarea creada exitosamente: Tarea Mañana Media (ID: 101)
Tarea creada exitosamente: Tarea Pasado Mañana Baja (ID: 102)
Tarea creada exitosamente: Tarea Semana Que Viene Alta (ID: 103)
Tarea creada exitosamente: Tarea Hoy Media (ID: 104)
]]></system-out>
  </testcase>
  <testcase name="actualizarEstadoTarea_ASiMismo_noDebeFallar" classname="com.equipo3.tareas.GestorTareasTest" time="0.006">
    <system-out><![CDATA[Tarea creada exitosamente: Tarea Hoy Alta (ID: 100)
Tarea creada exitosamente: Tarea Mañana Media (ID: 101)
Tarea creada exitosamente: Tarea Pasado Mañana Baja (ID: 102)
Tarea creada exitosamente: Tarea Semana Que Viene Alta (ID: 103)
Tarea creada exitosamente: Tarea Hoy Media (ID: 104)
Estado de la tarea ID '101' actualizado a: Pendiente
Estado de la tarea ID '101' actualizado a: En_progreso
Estado de la tarea ID '101' actualizado a: En_progreso
]]></system-out>
  </testcase>
  <testcase name="actualizarEstadoTarea_invalida_CompletadaAEnProgreso_debeLanzarExcepcion" classname="com.equipo3.tareas.GestorTareasTest" time="0.003">
    <system-out><![CDATA[Tarea creada exitosamente: Tarea Hoy Alta (ID: 100)
Tarea creada exitosamente: Tarea Mañana Media (ID: 101)
Tarea creada exitosamente: Tarea Pasado Mañana Baja (ID: 102)
Tarea creada exitosamente: Tarea Semana Que Viene Alta (ID: 103)
Tarea creada exitosamente: Tarea Hoy Media (ID: 104)
Estado de la tarea ID '102' actualizado a: En_progreso
Estado de la tarea ID '102' actualizado a: Completada
]]></system-out>
  </testcase>
  <testcase name="listarTareasPorPrioridad_nula_debeLanzarExcepcion" classname="com.equipo3.tareas.GestorTareasTest" time="0.007">
    <system-out><![CDATA[Tarea creada exitosamente: Tarea Hoy Alta (ID: 100)
Tarea creada exitosamente: Tarea Mañana Media (ID: 101)
Tarea creada exitosamente: Tarea Pasado Mañana Baja (ID: 102)
Tarea creada exitosamente: Tarea Semana Que Viene Alta (ID: 103)
Tarea creada exitosamente: Tarea Hoy Media (ID: 104)
]]></system-out>
  </testcase>
  <testcase name="listarTareasPorPrioridad_baja_debeDevolverTareasCorrectas" classname="com.equipo3.tareas.GestorTareasTest" time="0.009">
    <system-out><![CDATA[Tarea creada exitosamente: Tarea Hoy Alta (ID: 100)
Tarea creada exitosamente: Tarea Mañana Media (ID: 101)
Tarea creada exitosamente: Tarea Pasado Mañana Baja (ID: 102)
Tarea creada exitosamente: Tarea Semana Que Viene Alta (ID: 103)
Tarea creada exitosamente: Tarea Hoy Media (ID: 104)
]]></system-out>
  </testcase>
  <testcase name="crearTarea_conDatosValidos_debeCrearTarea" classname="com.equipo3.tareas.GestorTareasTest" time="0.009">
    <system-out><![CDATA[Tarea creada exitosamente: Tarea Hoy Alta (ID: 100)
Tarea creada exitosamente: Tarea Mañana Media (ID: 101)
Tarea creada exitosamente: Tarea Pasado Mañana Baja (ID: 102)
Tarea creada exitosamente: Tarea Semana Que Viene Alta (ID: 103)
Tarea creada exitosamente: Tarea Hoy Media (ID: 104)
Tarea creada exitosamente: Implementar API (ID: 12345)
]]></system-out>
  </testcase>
  <testcase name="listarTareasProximasAVencer_limite1Dia_debeDevolverTareasHoyYManana" classname="com.equipo3.tareas.GestorTareasTest" time="0.004">
    <system-out><![CDATA[Tarea creada exitosamente: Tarea Hoy Alta (ID: 100)
Tarea creada exitosamente: Tarea Mañana Media (ID: 101)
Tarea creada exitosamente: Tarea Pasado Mañana Baja (ID: 102)
Tarea creada exitosamente: Tarea Semana Que Viene Alta (ID: 103)
Tarea creada exitosamente: Tarea Hoy Media (ID: 104)
]]></system-out>
  </testcase>
  <testcase name="listarTareasPorPrioridad_sinCoincidencias_debeDevolverListaVacia" classname="com.equipo3.tareas.GestorTareasTest" time="0.005">
    <system-out><![CDATA[Tarea creada exitosamente: Tarea Hoy Alta (ID: 100)
Tarea creada exitosamente: Tarea Mañana Media (ID: 101)
Tarea creada exitosamente: Tarea Pasado Mañana Baja (ID: 102)
Tarea creada exitosamente: Tarea Semana Que Viene Alta (ID: 103)
Tarea creada exitosamente: Tarea Hoy Media (ID: 104)
Tarea creada exitosamente: Temp Tarea (ID: 999)
]]></system-out>
  </testcase>
  <testcase name="actualizarEstadoTarea_invalida_EnProgresoAPendiente_debeLanzarExcepcion" classname="com.equipo3.tareas.GestorTareasTest" time="0.003">
    <system-out><![CDATA[Tarea creada exitosamente: Tarea Hoy Alta (ID: 100)
Tarea creada exitosamente: Tarea Mañana Media (ID: 101)
Tarea creada exitosamente: Tarea Pasado Mañana Baja (ID: 102)
Tarea creada exitosamente: Tarea Semana Que Viene Alta (ID: 103)
Tarea creada exitosamente: Tarea Hoy Media (ID: 104)
Estado de la tarea ID '102' actualizado a: En_progreso
]]></system-out>
  </testcase>
  <testcase name="buscarTareaPorId_existente_debeDevolverTarea" classname="com.equipo3.tareas.GestorTareasTest" time="0.003">
    <system-out><![CDATA[Tarea creada exitosamente: Tarea Hoy Alta (ID: 100)
Tarea creada exitosamente: Tarea Mañana Media (ID: 101)
Tarea creada exitosamente: Tarea Pasado Mañana Baja (ID: 102)
Tarea creada exitosamente: Tarea Semana Que Viene Alta (ID: 103)
Tarea creada exitosamente: Tarea Hoy Media (ID: 104)
]]></system-out>
  </testcase>
  <testcase name="crearTarea_conFechaVencimientoAnterior_debeLanzarExcepcion" classname="com.equipo3.tareas.GestorTareasTest" time="0.003">
    <system-out><![CDATA[Tarea creada exitosamente: Tarea Hoy Alta (ID: 100)
Tarea creada exitosamente: Tarea Mañana Media (ID: 101)
Tarea creada exitosamente: Tarea Pasado Mañana Baja (ID: 102)
Tarea creada exitosamente: Tarea Semana Que Viene Alta (ID: 103)
Tarea creada exitosamente: Tarea Hoy Media (ID: 104)
]]></system-out>
  </testcase>
  <testcase name="actualizarEstadoTarea_invalida_PendienteACompletada_debeLanzarExcepcion" classname="com.equipo3.tareas.GestorTareasTest" time="0.001">
    <system-out><![CDATA[Tarea creada exitosamente: Tarea Hoy Alta (ID: 100)
Tarea creada exitosamente: Tarea Mañana Media (ID: 101)
Tarea creada exitosamente: Tarea Pasado Mañana Baja (ID: 102)
Tarea creada exitosamente: Tarea Semana Que Viene Alta (ID: 103)
Tarea creada exitosamente: Tarea Hoy Media (ID: 104)
]]></system-out>
  </testcase>
  <testcase name="listarTareasPorPrioridad_media_debeDevolverTareasCorrectas" classname="com.equipo3.tareas.GestorTareasTest" time="0.004">
    <system-out><![CDATA[Tarea creada exitosamente: Tarea Hoy Alta (ID: 100)
Tarea creada exitosamente: Tarea Mañana Media (ID: 101)
Tarea creada exitosamente: Tarea Pasado Mañana Baja (ID: 102)
Tarea creada exitosamente: Tarea Semana Que Viene Alta (ID: 103)
Tarea creada exitosamente: Tarea Hoy Media (ID: 104)
]]></system-out>
  </testcase>
  <testcase name="listarTareasPorPrioridad_alta_debeDevolverTareasCorrectas" classname="com.equipo3.tareas.GestorTareasTest" time="0.007">
    <system-out><![CDATA[Tarea creada exitosamente: Tarea Hoy Alta (ID: 100)
Tarea creada exitosamente: Tarea Mañana Media (ID: 101)
Tarea creada exitosamente: Tarea Pasado Mañana Baja (ID: 102)
Tarea creada exitosamente: Tarea Semana Que Viene Alta (ID: 103)
Tarea creada exitosamente: Tarea Hoy Media (ID: 104)
]]></system-out>
  </testcase>
  <testcase name="actualizarEstadoTarea_existente_PendienteAEnProgreso" classname="com.equipo3.tareas.GestorTareasTest" time="0.001">
    <system-out><![CDATA[Tarea creada exitosamente: Tarea Hoy Alta (ID: 100)
Tarea creada exitosamente: Tarea Mañana Media (ID: 101)
Tarea creada exitosamente: Tarea Pasado Mañana Baja (ID: 102)
Tarea creada exitosamente: Tarea Semana Que Viene Alta (ID: 103)
Tarea creada exitosamente: Tarea Hoy Media (ID: 104)
Estado de la tarea ID '101' actualizado a: En_progreso
]]></system-out>
  </testcase>
  <testcase name="crearTarea_conIdDuplicado_debeLanzarExcepcion" classname="com.equipo3.tareas.GestorTareasTest" time="0.005">
    <system-out><![CDATA[Tarea creada exitosamente: Tarea Hoy Alta (ID: 100)
Tarea creada exitosamente: Tarea Mañana Media (ID: 101)
Tarea creada exitosamente: Tarea Pasado Mañana Baja (ID: 102)
Tarea creada exitosamente: Tarea Semana Que Viene Alta (ID: 103)
Tarea creada exitosamente: Tarea Hoy Media (ID: 104)
Tarea creada exitosamente: Tarea Inicial (ID: 111)
]]></system-out>
  </testcase>
  <testcase name="listarTareasProximasAVencer_limite0Dias_debeDevolverTareasHoy" classname="com.equipo3.tareas.GestorTareasTest" time="0.005">
    <system-out><![CDATA[Tarea creada exitosamente: Tarea Hoy Alta (ID: 100)
Tarea creada exitosamente: Tarea Mañana Media (ID: 101)
Tarea creada exitosamente: Tarea Pasado Mañana Baja (ID: 102)
Tarea creada exitosamente: Tarea Semana Que Viene Alta (ID: 103)
Tarea creada exitosamente: Tarea Hoy Media (ID: 104)
]]></system-out>
  </testcase>
  <testcase name="listarTareasProximasAVencer_limite7Dias_debeDevolverTodasLasPrecargadasNoVencidas" classname="com.equipo3.tareas.GestorTareasTest" time="0.002">
    <system-out><![CDATA[Tarea creada exitosamente: Tarea Hoy Alta (ID: 100)
Tarea creada exitosamente: Tarea Mañana Media (ID: 101)
Tarea creada exitosamente: Tarea Pasado Mañana Baja (ID: 102)
Tarea creada exitosamente: Tarea Semana Que Viene Alta (ID: 103)
Tarea creada exitosamente: Tarea Hoy Media (ID: 104)
]]></system-out>
  </testcase>
  <testcase name="actualizarEstadoTarea_existente_EnProgresoACompletada" classname="com.equipo3.tareas.GestorTareasTest" time="0.002">
    <system-out><![CDATA[Tarea creada exitosamente: Tarea Hoy Alta (ID: 100)
Tarea creada exitosamente: Tarea Mañana Media (ID: 101)
Tarea creada exitosamente: Tarea Pasado Mañana Baja (ID: 102)
Tarea creada exitosamente: Tarea Semana Que Viene Alta (ID: 103)
Tarea creada exitosamente: Tarea Hoy Media (ID: 104)
Estado de la tarea ID '101' actualizado a: En_progreso
Estado de la tarea ID '101' actualizado a: Completada
]]></system-out>
  </testcase>
  <testcase name="listarTareasProximasAVencer_sinCoincidencias_debeDevolverListaVacia" classname="com.equipo3.tareas.GestorTareasTest" time="0.004">
    <system-out><![CDATA[Tarea creada exitosamente: Tarea Hoy Alta (ID: 100)
Tarea creada exitosamente: Tarea Mañana Media (ID: 101)
Tarea creada exitosamente: Tarea Pasado Mañana Baja (ID: 102)
Tarea creada exitosamente: Tarea Semana Que Viene Alta (ID: 103)
Tarea creada exitosamente: Tarea Hoy Media (ID: 104)
Tarea creada exitosamente: Tarea Lejana (ID: 300)
]]></system-out>
  </testcase>
  <testcase name="actualizarEstadoTarea_noExistente_debeDevolverFalse" classname="com.equipo3.tareas.GestorTareasTest" time="0.013">
    <system-out><![CDATA[Tarea creada exitosamente: Tarea Hoy Alta (ID: 100)
Tarea creada exitosamente: Tarea Mañana Media (ID: 101)
Tarea creada exitosamente: Tarea Pasado Mañana Baja (ID: 102)
Tarea creada exitosamente: Tarea Semana Que Viene Alta (ID: 103)
Tarea creada exitosamente: Tarea Hoy Media (ID: 104)
No se pudo actualizar: Tarea con ID 'id_inexistente' no encontrada.
]]></system-out>
  </testcase>
</testsuite>